[1114/155212.755:ERROR:process_reader_win.cc(123)] NtOpenThread: {Отказано в доступе} Процесс запросил доступ к объекту, но права на доступ не предоставлены. (0xc0000022)
[1114/155213.266:ERROR:exception_snapshot_win.cc(98)] thread ID 10608 not found in process
[1116/185728.459:ERROR:process_info.cc(329)] VirtualQueryEx: Отказано в доступе. (0x5)
[1116/185730.066:ERROR:process_info.cc(556)] ReadMemoryInfo failed
[1116/185730.066:ERROR:scoped_process_suspend.cc(40)] NtResumeProcess: Попытка доступа к процессу, выполняющему процедуру завершения. (0xc000010a)
[1116/195021.129:ERROR:process_reader_win.cc(123)] NtOpenThread: {Отказано в доступе} Процесс запросил доступ к объекту, но права на доступ не предоставлены. (0xc0000022)
[1116/195022.128:ERROR:exception_snapshot_win.cc(98)] thread ID 12456 not found in process
[1116/195022.129:ERROR:scoped_process_suspend.cc(40)] NtResumeProcess: Попытка доступа к процессу, выполняющему процедуру завершения. (0xc000010a)
[1116/195852.531:ERROR:process_reader_win.cc(123)] NtOpenThread: {Отказано в доступе} Процесс запросил доступ к объекту, но права на доступ не предоставлены. (0xc0000022)
[1116/195852.560:ERROR:exception_snapshot_win.cc(98)] thread ID 12196 not found in process
[1117/195818.065:ERROR:process_reader_win.cc(123)] NtOpenThread: {Отказано в доступе} Процесс запросил доступ к объекту, но права на доступ не предоставлены. (0xc0000022)
[1117/195821.987:ERROR:exception_snapshot_win.cc(98)] thread ID 5260 not found in process
[1117/195821.987:ERROR:scoped_process_suspend.cc(40)] NtResumeProcess: Попытка доступа к процессу, выполняющему процедуру завершения. (0xc000010a)
[1119/232021.390:ERROR:process_reader_win.cc(123)] NtOpenThread: {Отказано в доступе} Процесс запросил доступ к объекту, но права на доступ не предоставлены. (0xc0000022)
[1119/232022.927:ERROR:exception_snapshot_win.cc(98)] thread ID 11344 not found in process
[1119/232022.927:ERROR:scoped_process_suspend.cc(40)] NtResumeProcess: Попытка доступа к процессу, выполняющему процедуру завершения. (0xc000010a)
[1119/232818.888:ERROR:process_reader_win.cc(123)] NtOpenThread: {Отказано в доступе} Процесс запросил доступ к объекту, но права на доступ не предоставлены. (0xc0000022)
[1119/232819.083:ERROR:exception_snapshot_win.cc(98)] thread ID 14624 not found in process
[1119/234523.902:ERROR:scoped_process_suspend.cc(31)] NtSuspendProcess: Попытка доступа к процессу, выполняющему процедуру завершения. (0xc000010a)
[1119/234524.968:ERROR:process_info.cc(118)] ReadProcessMemory bool __cdecl crashpad::(anonymous namespace)::ReadStruct(HANDLE, crashpad::WinVMAddress, T *) [T = crashpad::process_types::PEB<crashpad::process_types::internal::Traits64>]: Запрос ReadProcessMemory или WriteProcessMemory был выполнен только частично. (0x12B)
[1119/234525.421:ERROR:process_info.cc(551)] ReadProcessData failed
[1122/141022.601:ERROR:process_reader_win.cc(123)] NtOpenThread: {Отказано в доступе} Процесс запросил доступ к объекту, но права на доступ не предоставлены. (0xc0000022)
[1122/141023.052:ERROR:exception_snapshot_win.cc(98)] thread ID 1872 not found in process
[1122/142152.872:ERROR:process_reader_win.cc(123)] NtOpenThread: {Отказано в доступе} Процесс запросил доступ к объекту, но права на доступ не предоставлены. (0xc0000022)
[1122/142153.289:ERROR:exception_snapshot_win.cc(98)] thread ID 7568 not found in process
[1122/145933.733:ERROR:process_reader_win.cc(123)] NtOpenThread: {Отказано в доступе} Процесс запросил доступ к объекту, но права на доступ не предоставлены. (0xc0000022)
[1122/145933.785:ERROR:exception_snapshot_win.cc(98)] thread ID 12612 not found in process
[1122/150232.911:ERROR:process_reader_win.cc(123)] NtOpenThread: {Отказано в доступе} Процесс запросил доступ к объекту, но права на доступ не предоставлены. (0xc0000022)
[1122/150232.987:ERROR:exception_snapshot_win.cc(98)] thread ID 9680 not found in process
[1122/154045.042:ERROR:process_reader_win.cc(123)] NtOpenThread: {Отказано в доступе} Процесс запросил доступ к объекту, но права на доступ не предоставлены. (0xc0000022)
[1122/154045.382:ERROR:exception_snapshot_win.cc(98)] thread ID 840 not found in process
[1122/155435.097:ERROR:process_reader_win.cc(123)] NtOpenThread: {Отказано в доступе} Процесс запросил доступ к объекту, но права на доступ не предоставлены. (0xc0000022)
[1122/155435.112:ERROR:exception_snapshot_win.cc(98)] thread ID 2108 not found in process
[1122/160030.373:ERROR:process_reader_win.cc(123)] NtOpenThread: {Отказано в доступе} Процесс запросил доступ к объекту, но права на доступ не предоставлены. (0xc0000022)
[1122/160030.374:ERROR:exception_snapshot_win.cc(98)] thread ID 9384 not found in process
[1122/160032.875:ERROR:process_reader_win.cc(123)] NtOpenThread: {Отказано в доступе} Процесс запросил доступ к объекту, но права на доступ не предоставлены. (0xc0000022)
[1122/160032.875:ERROR:exception_snapshot_win.cc(98)] thread ID 7912 not found in process
[1122/161113.085:ERROR:process_reader_win.cc(123)] NtOpenThread: {Отказано в доступе} Процесс запросил доступ к объекту, но права на доступ не предоставлены. (0xc0000022)
[1122/161113.086:ERROR:exception_snapshot_win.cc(98)] thread ID 1464 not found in process
[1122/161458.549:ERROR:process_reader_win.cc(123)] NtOpenThread: {Отказано в доступе} Процесс запросил доступ к объекту, но права на доступ не предоставлены. (0xc0000022)
[1122/161458.550:ERROR:exception_snapshot_win.cc(98)] thread ID 14648 not found in process
[1122/171056.658:ERROR:process_reader_win.cc(123)] NtOpenThread: {Отказано в доступе} Процесс запросил доступ к объекту, но права на доступ не предоставлены. (0xc0000022)
[1122/171056.706:ERROR:exception_snapshot_win.cc(98)] thread ID 6444 not found in process
